<?xml version="1.0" encoding="UTF-8"?>
<!-- Generated by org.testng.reporters.JUnitReportReporter -->
<testsuite skipped="0" hostname="DESKTOP-9PRHEOU" name="com.bitm.SeleniumProject01.Test01.AssignLeave" tests="1" failures="0" timestamp="2020-12-30T22:13:45 BDT" time="4.879" errors="0">
  <testcase name="assignLeaveTest" time="4.879" classname="com.bitm.SeleniumProject01.Test01.AssignLeave"/>
  <system-out/>
</testsuite> <!-- com.bitm.SeleniumProject01.Test01.AssignLeave -->
