<?xml version="1.0" encoding="UTF-8"?>
<!-- Generated by org.testng.reporters.JUnitReportReporter -->
<testsuite skipped="0" hostname="DESKTOP-9PRHEOU" name="com.bitm.SeleniumProject01.Utils01.DriverManager" tests="1" failures="0" timestamp="2020-12-28T19:11:48 BDT" time="0.009" errors="0">
  <testcase name="testDriverManager" time="0.009" classname="com.bitm.SeleniumProject01.Utils01.DriverManager"/>
  <system-out/>
</testsuite> <!-- com.bitm.SeleniumProject01.Utils01.DriverManager -->
